<?xml version="1.0" encoding="UTF-8"?>
<!-- Generated by org.testng.reporters.JUnitReportReporter -->
<testsuite skipped="0" hostname="DESKTOP-5RBBO5D" name="Helper.TestRunner" tests="2" failures="0" timestamp="22 Dec 2021 17:22:44 GMT" time="93.556" errors="0">
  <testcase name="runScenario" time="45.968" classname="Helper.TestRunner"/>
  <testcase name="runScenario" time="47.588" classname="Helper.TestRunner"/>
</testsuite> <!-- Helper.TestRunner -->
